<?xml version="1.0" encoding="UTF-8"?>
<testng-results ignored="0" total="1" passed="1" failed="0" skipped="0">
  <reporter-output>
  </reporter-output>
  <suite started-at="2026-01-14T23:48:38 IST" name="Default suite" finished-at="2026-01-14T23:48:46 IST" duration-ms="7084">
    <groups>
    </groups>
    <test started-at="2026-01-14T23:48:38 IST" name="Default test" finished-at="2026-01-14T23:48:46 IST" duration-ms="7084">
      <class name="com.web.automation.tests.HomePage">
        <test-method is-config="true" signature="OpenBrowser()[pri:0, instance:com.web.automation.tests.HomePage@128d2484]" started-at="2026-01-14T23:48:38 IST" name="OpenBrowser" finished-at="2026-01-14T23:48:45 IST" duration-ms="7021" status="PASS">
          <reporter-output>
          </reporter-output>
        </test-method> <!-- OpenBrowser -->
        <test-method signature="startTest()[pri:0, instance:com.web.automation.tests.HomePage@128d2484]" started-at="2026-01-14T23:48:45 IST" name="startTest" finished-at="2026-01-14T23:48:45 IST" duration-ms="12" status="PASS">
          <reporter-output>
          </reporter-output>
        </test-method> <!-- startTest -->
      </class> <!-- com.web.automation.tests.HomePage -->
    </test> <!-- Default test -->
  </suite> <!-- Default suite -->
</testng-results>
