<?xml version="1.0" encoding="UTF-8"?>
<testng-results ignored="0" total="1" passed="1" failed="0" skipped="0">
  <reporter-output>
  </reporter-output>
  <suite started-at="2026-01-16T11:39:41 IST" name="Default suite" finished-at="2026-01-16T11:39:43 IST" duration-ms="2534">
    <groups>
    </groups>
    <test started-at="2026-01-16T11:39:41 IST" name="Default test" finished-at="2026-01-16T11:39:43 IST" duration-ms="2534">
      <class name="com.web.automation.tests.HomePageTests">
        <test-method is-config="true" signature="OpenBrowser()[pri:0, instance:com.web.automation.tests.HomePageTests@368f2016]" started-at="2026-01-16T11:39:41 IST" name="OpenBrowser" finished-at="2026-01-16T11:39:43 IST" duration-ms="2357" status="PASS">
          <reporter-output>
          </reporter-output>
        </test-method> <!-- OpenBrowser -->
        <test-method signature="startTest()[pri:0, instance:com.web.automation.tests.HomePageTests@368f2016]" started-at="2026-01-16T11:39:43 IST" name="startTest" finished-at="2026-01-16T11:39:43 IST" duration-ms="124" status="PASS">
          <reporter-output>
          </reporter-output>
        </test-method> <!-- startTest -->
      </class> <!-- com.web.automation.tests.HomePageTests -->
    </test> <!-- Default test -->
  </suite> <!-- Default suite -->
</testng-results>
